  [1m[35m (0.1ms)[0m  [1m[34mSELECT sqlite_version(*)[0m
  ↳ bin/rails:9
  [1m[35m (1.5ms)[0m  [1m[35mCREATE TABLE "schema_migrations" ("version" varchar NOT NULL PRIMARY KEY)[0m
  ↳ bin/rails:9
  [1m[35m (1.2ms)[0m  [1m[35mCREATE TABLE "ar_internal_metadata" ("key" varchar NOT NULL PRIMARY KEY, "value" varchar, "created_at" datetime NOT NULL, "updated_at" datetime NOT NULL)[0m
  ↳ bin/rails:9
  [1m[35m (0.1ms)[0m  [1m[34mSELECT "schema_migrations"."version" FROM "schema_migrations" ORDER BY "schema_migrations"."version" ASC[0m
  ↳ bin/rails:9
Migrating to CreateUsers (20180730151351)
  [1m[35m (0.0ms)[0m  [1m[36mbegin transaction[0m
  ↳ bin/rails:9
  [1m[35m (0.3ms)[0m  [1m[35mCREATE TABLE "users" ("id" integer PRIMARY KEY AUTOINCREMENT NOT NULL, "username" varchar, "bio" text)[0m
  ↳ db/migrate/20180730151351_create_users.rb:3
  [1m[36mActiveRecord::SchemaMigration Create (0.2ms)[0m  [1m[32mINSERT INTO "schema_migrations" ("version") VALUES (?)[0m  [["version", "20180730151351"]]
  ↳ bin/rails:9
  [1m[35m (0.8ms)[0m  [1m[36mcommit transaction[0m
  ↳ bin/rails:9
  [1m[36mActiveRecord::InternalMetadata Load (0.2ms)[0m  [1m[34mSELECT  "ar_internal_metadata".* FROM "ar_internal_metadata" WHERE "ar_internal_metadata"."key" = ? LIMIT ?[0m  [["key", "environment"], ["LIMIT", 1]]
  ↳ bin/rails:9
  [1m[35m (0.0ms)[0m  [1m[36mbegin transaction[0m
  ↳ bin/rails:9
  [1m[36mActiveRecord::InternalMetadata Create (0.4ms)[0m  [1m[32mINSERT INTO "ar_internal_metadata" ("key", "value", "created_at", "updated_at") VALUES (?, ?, ?, ?)[0m  [["key", "environment"], ["value", "development"], ["created_at", "2018-07-30 15:14:30.263258"], ["updated_at", "2018-07-30 15:14:30.263258"]]
  ↳ bin/rails:9
  [1m[35m (0.7ms)[0m  [1m[36mcommit transaction[0m
  ↳ bin/rails:9
  [1m[35m (0.1ms)[0m  [1m[34mSELECT "schema_migrations"."version" FROM "schema_migrations" ORDER BY "schema_migrations"."version" ASC[0m
  ↳ bin/rails:9
Started GET "/" for 127.0.0.1 at 2018-07-30 17:17:29 +0200
  [1m[35m (0.1ms)[0m  [1m[34mSELECT "schema_migrations"."version" FROM "schema_migrations" ORDER BY "schema_migrations"."version" ASC[0m
  ↳ /Users/mailan/.rvm/gems/ruby-2.5.1/gems/activerecord-5.2.0/lib/active_record/log_subscriber.rb:98
Processing by StaticPagesController#home as HTML
  Rendering static_pages/home.html.erb within layouts/application
  Rendered static_pages/home.html.erb within layouts/application (1.2ms)
Completed 200 OK in 318ms (Views: 309.0ms | ActiveRecord: 0.0ms)


Started GET "/" for 127.0.0.1 at 2018-07-30 17:18:22 +0200
Processing by StaticPagesController#home as HTML
  Rendering static_pages/home.html.erb within layouts/application
  Rendered static_pages/home.html.erb within layouts/application (0.5ms)
Completed 200 OK in 19ms (Views: 16.6ms | ActiveRecord: 0.0ms)


Started GET "/" for 127.0.0.1 at 2018-07-30 17:27:05 +0200
  [1m[35m (0.1ms)[0m  [1m[34mSELECT "schema_migrations"."version" FROM "schema_migrations" ORDER BY "schema_migrations"."version" ASC[0m
  ↳ /Users/mailan/.rvm/gems/ruby-2.5.1/gems/activerecord-5.2.0/lib/active_record/log_subscriber.rb:98
Processing by StaticPagesController#home as HTML
  Rendering static_pages/home.html.erb within layouts/application
  Rendered static_pages/home.html.erb within layouts/application (0.8ms)
Completed 200 OK in 241ms (Views: 231.6ms | ActiveRecord: 0.0ms)


Started GET "/new_user" for 127.0.0.1 at 2018-07-30 17:27:08 +0200
Processing by UsersControllerController#new_user as HTML
  Rendering users_controller/new_user.html.erb within layouts/application
  Rendered users_controller/new_user.html.erb within layouts/application (0.3ms)
Completed 200 OK in 18ms (Views: 16.3ms | ActiveRecord: 0.0ms)


Started GET "/new_user" for 127.0.0.1 at 2018-07-30 17:35:31 +0200
Processing by UsersControllerController#new_user as HTML
  Rendering users_controller/new_user.html.erb within layouts/application
  Rendered users_controller/new_user.html.erb within layouts/application (0.4ms)
Completed 200 OK in 18ms (Views: 16.0ms | ActiveRecord: 0.0ms)


Started GET "/new_user" for 127.0.0.1 at 2018-07-30 17:42:22 +0200
Processing by UsersControllerController#new_user as HTML
  [1m[35m (0.0ms)[0m  [1m[36mbegin transaction[0m
  ↳ app/controllers/users_controller_controller.rb:5
  [1m[36mUser Create (0.4ms)[0m  [1m[32mINSERT INTO "users" DEFAULT VALUES[0m
  ↳ app/controllers/users_controller_controller.rb:5
  [1m[35m (0.8ms)[0m  [1m[36mcommit transaction[0m
  ↳ app/controllers/users_controller_controller.rb:5
  Rendering users_controller/new_user.html.erb within layouts/application
  Rendered users_controller/new_user.html.erb within layouts/application (0.4ms)
Completed 200 OK in 27ms (Views: 16.4ms | ActiveRecord: 1.8ms)


Started POST "/new_user" for 127.0.0.1 at 2018-07-30 17:42:30 +0200
  
ActionController::RoutingError (No route matches [POST] "/new_user"):
  
actionpack (5.2.0) lib/action_dispatch/middleware/debug_exceptions.rb:65:in `call'
web-console (3.6.2) lib/web_console/middleware.rb:135:in `call_app'
web-console (3.6.2) lib/web_console/middleware.rb:30:in `block in call'
web-console (3.6.2) lib/web_console/middleware.rb:20:in `catch'
web-console (3.6.2) lib/web_console/middleware.rb:20:in `call'
actionpack (5.2.0) lib/action_dispatch/middleware/show_exceptions.rb:33:in `call'
railties (5.2.0) lib/rails/rack/logger.rb:38:in `call_app'
railties (5.2.0) lib/rails/rack/logger.rb:26:in `block in call'
activesupport (5.2.0) lib/active_support/tagged_logging.rb:71:in `block in tagged'
activesupport (5.2.0) lib/active_support/tagged_logging.rb:28:in `tagged'
activesupport (5.2.0) lib/active_support/tagged_logging.rb:71:in `tagged'
railties (5.2.0) lib/rails/rack/logger.rb:26:in `call'
sprockets-rails (3.2.1) lib/sprockets/rails/quiet_assets.rb:13:in `call'
actionpack (5.2.0) lib/action_dispatch/middleware/remote_ip.rb:81:in `call'
actionpack (5.2.0) lib/action_dispatch/middleware/request_id.rb:27:in `call'
rack (2.0.5) lib/rack/method_override.rb:22:in `call'
rack (2.0.5) lib/rack/runtime.rb:22:in `call'
activesupport (5.2.0) lib/active_support/cache/strategy/local_cache_middleware.rb:29:in `call'
actionpack (5.2.0) lib/action_dispatch/middleware/executor.rb:14:in `call'
actionpack (5.2.0) lib/action_dispatch/middleware/static.rb:127:in `call'
rack (2.0.5) lib/rack/sendfile.rb:111:in `call'
railties (5.2.0) lib/rails/engine.rb:524:in `call'
puma (3.12.0) lib/puma/configuration.rb:225:in `call'
puma (3.12.0) lib/puma/server.rb:658:in `handle_request'
puma (3.12.0) lib/puma/server.rb:472:in `process_client'
puma (3.12.0) lib/puma/server.rb:332:in `block in run'
puma (3.12.0) lib/puma/thread_pool.rb:133:in `block in spawn_thread'
Started GET "/new_user" for 127.0.0.1 at 2018-07-30 17:43:38 +0200
  [1m[35m (0.2ms)[0m  [1m[34mSELECT "schema_migrations"."version" FROM "schema_migrations" ORDER BY "schema_migrations"."version" ASC[0m
  ↳ /Users/mailan/.rvm/gems/ruby-2.5.1/gems/activerecord-5.2.0/lib/active_record/log_subscriber.rb:98
Processing by UsersControllerController#new_user as HTML
  [1m[35m (0.0ms)[0m  [1m[36mbegin transaction[0m
  ↳ app/controllers/users_controller_controller.rb:5
  [1m[36mUser Create (0.3ms)[0m  [1m[32mINSERT INTO "users" DEFAULT VALUES[0m
  ↳ app/controllers/users_controller_controller.rb:5
  [1m[35m (1.4ms)[0m  [1m[36mcommit transaction[0m
  ↳ app/controllers/users_controller_controller.rb:5
  Rendering users_controller/new_user.html.erb within layouts/application
  Rendered users_controller/new_user.html.erb within layouts/application (0.8ms)
Completed 200 OK in 220ms (Views: 201.2ms | ActiveRecord: 2.3ms)


Started POST "/new_user" for 127.0.0.1 at 2018-07-30 17:43:45 +0200
  
ActionController::RoutingError (No route matches [POST] "/new_user"):
  
actionpack (5.2.0) lib/action_dispatch/middleware/debug_exceptions.rb:65:in `call'
web-console (3.6.2) lib/web_console/middleware.rb:135:in `call_app'
web-console (3.6.2) lib/web_console/middleware.rb:30:in `block in call'
web-console (3.6.2) lib/web_console/middleware.rb:20:in `catch'
web-console (3.6.2) lib/web_console/middleware.rb:20:in `call'
actionpack (5.2.0) lib/action_dispatch/middleware/show_exceptions.rb:33:in `call'
railties (5.2.0) lib/rails/rack/logger.rb:38:in `call_app'
railties (5.2.0) lib/rails/rack/logger.rb:26:in `block in call'
activesupport (5.2.0) lib/active_support/tagged_logging.rb:71:in `block in tagged'
activesupport (5.2.0) lib/active_support/tagged_logging.rb:28:in `tagged'
activesupport (5.2.0) lib/active_support/tagged_logging.rb:71:in `tagged'
railties (5.2.0) lib/rails/rack/logger.rb:26:in `call'
sprockets-rails (3.2.1) lib/sprockets/rails/quiet_assets.rb:13:in `call'
actionpack (5.2.0) lib/action_dispatch/middleware/remote_ip.rb:81:in `call'
actionpack (5.2.0) lib/action_dispatch/middleware/request_id.rb:27:in `call'
rack (2.0.5) lib/rack/method_override.rb:22:in `call'
rack (2.0.5) lib/rack/runtime.rb:22:in `call'
activesupport (5.2.0) lib/active_support/cache/strategy/local_cache_middleware.rb:29:in `call'
actionpack (5.2.0) lib/action_dispatch/middleware/executor.rb:14:in `call'
actionpack (5.2.0) lib/action_dispatch/middleware/static.rb:127:in `call'
rack (2.0.5) lib/rack/sendfile.rb:111:in `call'
railties (5.2.0) lib/rails/engine.rb:524:in `call'
puma (3.12.0) lib/puma/configuration.rb:225:in `call'
puma (3.12.0) lib/puma/server.rb:658:in `handle_request'
puma (3.12.0) lib/puma/server.rb:472:in `process_client'
puma (3.12.0) lib/puma/server.rb:332:in `block in run'
puma (3.12.0) lib/puma/thread_pool.rb:133:in `block in spawn_thread'
Started GET "/new_user" for 127.0.0.1 at 2018-07-30 17:44:52 +0200
Started GET "/new_user" for 127.0.0.1 at 2018-07-30 17:45:02 +0200
Processing by UsersControllerController#new_user as HTML
  [1m[35m (0.0ms)[0m  [1m[36mbegin transaction[0m
  ↳ app/controllers/users_controller_controller.rb:6
  [1m[36mUser Create (0.3ms)[0m  [1m[32mINSERT INTO "users" DEFAULT VALUES[0m
  ↳ app/controllers/users_controller_controller.rb:6
  [1m[35m (1.3ms)[0m  [1m[36mcommit transaction[0m
  ↳ app/controllers/users_controller_controller.rb:6
  Rendering users_controller/new_user.html.erb within layouts/application
  Rendered users_controller/new_user.html.erb within layouts/application (0.5ms)
Completed 200 OK in 30ms (Views: 19.4ms | ActiveRecord: 2.2ms)


Started GET "/new_user" for 127.0.0.1 at 2018-07-30 17:45:02 +0200
Processing by UsersControllerController#new_user as HTML
Processing by UsersControllerController#new_user as HTML
  [1m[35m (0.0ms)[0m  [1m[36mbegin transaction[0m
  [1m[35m (0.0ms)[0m  [1m[36mbegin transaction[0m
  ↳ app/controllers/users_controller_controller.rb:6
  ↳ app/controllers/users_controller_controller.rb:6
  [1m[36mUser Create (0.3ms)[0m  [1m[32mINSERT INTO "users" DEFAULT VALUES[0m
  [1m[36mUser Create (593.8ms)[0m  [1m[32mINSERT INTO "users" DEFAULT VALUES[0m
  ↳ app/controllers/users_controller_controller.rb:6
  [1m[35m (0.1ms)[0m  [1m[31mrollback transaction[0m
  ↳ app/controllers/users_controller_controller.rb:6
Completed 500 Internal Server Error in 604ms (ActiveRecord: 593.9ms)


  
ActiveRecord::StatementInvalid (SQLite3::BusyException: database is locked: INSERT INTO "users" DEFAULT VALUES):
  
app/controllers/users_controller_controller.rb:6:in `new_user'
  ↳ app/controllers/users_controller_controller.rb:6
  [1m[35m (2.1ms)[0m  [1m[36mcommit transaction[0m
  ↳ app/controllers/users_controller_controller.rb:6
  Rendering users_controller/new_user.html.erb within layouts/application
  Rendered users_controller/new_user.html.erb within layouts/application (0.5ms)
Completed 200 OK in 731ms (Views: 43.4ms | ActiveRecord: 3.1ms)


Started GET "/" for 127.0.0.1 at 2018-07-30 17:45:12 +0200
Processing by StaticPagesController#home as HTML
  Rendering static_pages/home.html.erb within layouts/application
  Rendered static_pages/home.html.erb within layouts/application (0.5ms)
Completed 200 OK in 19ms (Views: 17.3ms | ActiveRecord: 0.0ms)


Started GET "/new_user" for 127.0.0.1 at 2018-07-30 17:45:14 +0200
Processing by UsersControllerController#new_user as HTML
  [1m[35m (0.1ms)[0m  [1m[36mbegin transaction[0m
  ↳ app/controllers/users_controller_controller.rb:6
  [1m[36mUser Create (0.4ms)[0m  [1m[32mINSERT INTO "users" DEFAULT VALUES[0m
  ↳ app/controllers/users_controller_controller.rb:6
  [1m[35m (1.4ms)[0m  [1m[36mcommit transaction[0m
  ↳ app/controllers/users_controller_controller.rb:6
  Rendering users_controller/new_user.html.erb within layouts/application
  Rendered users_controller/new_user.html.erb within layouts/application (0.6ms)
Completed 200 OK in 29ms (Views: 22.6ms | ActiveRecord: 1.9ms)


Started POST "/new_user" for 127.0.0.1 at 2018-07-30 17:45:19 +0200
  
ActionController::RoutingError (No route matches [POST] "/new_user"):
  
actionpack (5.2.0) lib/action_dispatch/middleware/debug_exceptions.rb:65:in `call'
web-console (3.6.2) lib/web_console/middleware.rb:135:in `call_app'
web-console (3.6.2) lib/web_console/middleware.rb:30:in `block in call'
web-console (3.6.2) lib/web_console/middleware.rb:20:in `catch'
web-console (3.6.2) lib/web_console/middleware.rb:20:in `call'
actionpack (5.2.0) lib/action_dispatch/middleware/show_exceptions.rb:33:in `call'
railties (5.2.0) lib/rails/rack/logger.rb:38:in `call_app'
railties (5.2.0) lib/rails/rack/logger.rb:26:in `block in call'
activesupport (5.2.0) lib/active_support/tagged_logging.rb:71:in `block in tagged'
activesupport (5.2.0) lib/active_support/tagged_logging.rb:28:in `tagged'
activesupport (5.2.0) lib/active_support/tagged_logging.rb:71:in `tagged'
railties (5.2.0) lib/rails/rack/logger.rb:26:in `call'
sprockets-rails (3.2.1) lib/sprockets/rails/quiet_assets.rb:13:in `call'
actionpack (5.2.0) lib/action_dispatch/middleware/remote_ip.rb:81:in `call'
actionpack (5.2.0) lib/action_dispatch/middleware/request_id.rb:27:in `call'
rack (2.0.5) lib/rack/method_override.rb:22:in `call'
rack (2.0.5) lib/rack/runtime.rb:22:in `call'
activesupport (5.2.0) lib/active_support/cache/strategy/local_cache_middleware.rb:29:in `call'
actionpack (5.2.0) lib/action_dispatch/middleware/executor.rb:14:in `call'
actionpack (5.2.0) lib/action_dispatch/middleware/static.rb:127:in `call'
rack (2.0.5) lib/rack/sendfile.rb:111:in `call'
railties (5.2.0) lib/rails/engine.rb:524:in `call'
puma (3.12.0) lib/puma/configuration.rb:225:in `call'
puma (3.12.0) lib/puma/server.rb:658:in `handle_request'
puma (3.12.0) lib/puma/server.rb:472:in `process_client'
puma (3.12.0) lib/puma/server.rb:332:in `block in run'
puma (3.12.0) lib/puma/thread_pool.rb:133:in `block in spawn_thread'
Started GET "/new_user" for 127.0.0.1 at 2018-07-30 17:46:56 +0200
Processing by UsersControllerController#new_user as HTML
  [1m[35m (0.0ms)[0m  [1m[36mbegin transaction[0m
  ↳ app/controllers/users_controller_controller.rb:6
  [1m[36mUser Create (0.4ms)[0m  [1m[32mINSERT INTO "users" DEFAULT VALUES[0m
  ↳ app/controllers/users_controller_controller.rb:6
  [1m[35m (0.8ms)[0m  [1m[36mcommit transaction[0m
  ↳ app/controllers/users_controller_controller.rb:6
  Rendering users_controller/new_user.html.erb within layouts/application
  Rendered users_controller/new_user.html.erb within layouts/application (0.4ms)
Completed 200 OK in 26ms (Views: 17.6ms | ActiveRecord: 1.7ms)


Started POST "/new_user" for 127.0.0.1 at 2018-07-30 17:47:01 +0200
Processing by UsersControllerController#new_user as HTML
  Parameters: {"authenticity_token"=>"Uyx49Eg2EJ2NFNeJFZpiN6l/RtPx/MhhlTn42W6DvVdBMCuOJShzz20H5ZT+Muq5BU59VQc+z58A+7aPca4poA==", "username"=>"vdv", "bio"=>"ggf"}
  [1m[35m (0.1ms)[0m  [1m[36mbegin transaction[0m
  ↳ app/controllers/users_controller_controller.rb:6
  [1m[36mUser Create (0.4ms)[0m  [1m[32mINSERT INTO "users" ("username", "bio") VALUES (?, ?)[0m  [["username", "vdv"], ["bio", "ggf"]]
  ↳ app/controllers/users_controller_controller.rb:6
  [1m[35m (0.9ms)[0m  [1m[36mcommit transaction[0m
  ↳ app/controllers/users_controller_controller.rb:6
  Rendering users_controller/new_user.html.erb within layouts/application
  Rendered users_controller/new_user.html.erb within layouts/application (0.4ms)
Completed 200 OK in 23ms (Views: 17.6ms | ActiveRecord: 1.4ms)


Started POST "/new_user" for 127.0.0.1 at 2018-07-30 18:35:56 +0200
Processing by UsersControllerController#new_user as HTML
  Parameters: {"authenticity_token"=>"LjO+G6dx0os4NIqsugoKSN3t8zrS4pNN8FwGpR1+7C88L+1hym+x2dgnuLFRooLGcdzIvCQglLNlnkjzAlN42A==", "username"=>"azet", "bio"=>"vxcv"}
  [1m[35m (0.0ms)[0m  [1m[36mbegin transaction[0m
  ↳ app/controllers/users_controller_controller.rb:6
  [1m[36mUser Create (0.4ms)[0m  [1m[32mINSERT INTO "users" ("username", "bio") VALUES (?, ?)[0m  [["username", "azet"], ["bio", "vxcv"]]
  ↳ app/controllers/users_controller_controller.rb:6
  [1m[35m (0.8ms)[0m  [1m[36mcommit transaction[0m
  ↳ app/controllers/users_controller_controller.rb:6
  Rendering users_controller/new_user.html.erb within layouts/application
  Rendered users_controller/new_user.html.erb within layouts/application (0.4ms)
Completed 200 OK in 22ms (Views: 17.2ms | ActiveRecord: 1.2ms)


Started POST "/new_user" for 127.0.0.1 at 2018-07-30 18:35:58 +0200
Processing by UsersControllerController#new_user as HTML
  Parameters: {"authenticity_token"=>"wUfXANWPoU1eIuZ4Goh0zwMWulSkzvomLKTy7Sa34ErTW4R6uJHCH74x1GXxIPxBryeB0lIM/di5Zry7OZp0vQ==", "username"=>"", "bio"=>""}
  [1m[35m (0.1ms)[0m  [1m[36mbegin transaction[0m
  ↳ app/controllers/users_controller_controller.rb:6
  [1m[36mUser Create (0.4ms)[0m  [1m[32mINSERT INTO "users" ("username", "bio") VALUES (?, ?)[0m  [["username", ""], ["bio", ""]]
  ↳ app/controllers/users_controller_controller.rb:6
  [1m[35m (1.4ms)[0m  [1m[36mcommit transaction[0m
  ↳ app/controllers/users_controller_controller.rb:6
  Rendering users_controller/new_user.html.erb within layouts/application
  Rendered users_controller/new_user.html.erb within layouts/application (0.4ms)
Completed 200 OK in 22ms (Views: 16.9ms | ActiveRecord: 1.8ms)


Started GET "/about/crew" for 127.0.0.1 at 2018-07-30 18:45:29 +0200
  
ActionController::RoutingError (No route matches [GET] "/about/crew"):
  
actionpack (5.2.0) lib/action_dispatch/middleware/debug_exceptions.rb:65:in `call'
web-console (3.6.2) lib/web_console/middleware.rb:135:in `call_app'
web-console (3.6.2) lib/web_console/middleware.rb:30:in `block in call'
web-console (3.6.2) lib/web_console/middleware.rb:20:in `catch'
web-console (3.6.2) lib/web_console/middleware.rb:20:in `call'
actionpack (5.2.0) lib/action_dispatch/middleware/show_exceptions.rb:33:in `call'
railties (5.2.0) lib/rails/rack/logger.rb:38:in `call_app'
railties (5.2.0) lib/rails/rack/logger.rb:26:in `block in call'
activesupport (5.2.0) lib/active_support/tagged_logging.rb:71:in `block in tagged'
activesupport (5.2.0) lib/active_support/tagged_logging.rb:28:in `tagged'
activesupport (5.2.0) lib/active_support/tagged_logging.rb:71:in `tagged'
railties (5.2.0) lib/rails/rack/logger.rb:26:in `call'
sprockets-rails (3.2.1) lib/sprockets/rails/quiet_assets.rb:13:in `call'
actionpack (5.2.0) lib/action_dispatch/middleware/remote_ip.rb:81:in `call'
actionpack (5.2.0) lib/action_dispatch/middleware/request_id.rb:27:in `call'
rack (2.0.5) lib/rack/method_override.rb:22:in `call'
rack (2.0.5) lib/rack/runtime.rb:22:in `call'
activesupport (5.2.0) lib/active_support/cache/strategy/local_cache_middleware.rb:29:in `call'
actionpack (5.2.0) lib/action_dispatch/middleware/executor.rb:14:in `call'
actionpack (5.2.0) lib/action_dispatch/middleware/static.rb:127:in `call'
rack (2.0.5) lib/rack/sendfile.rb:111:in `call'
railties (5.2.0) lib/rails/engine.rb:524:in `call'
puma (3.12.0) lib/puma/configuration.rb:225:in `call'
puma (3.12.0) lib/puma/server.rb:658:in `handle_request'
puma (3.12.0) lib/puma/server.rb:472:in `process_client'
puma (3.12.0) lib/puma/server.rb:332:in `block in run'
puma (3.12.0) lib/puma/thread_pool.rb:133:in `block in spawn_thread'
Started GET "/about/crew" for 127.0.0.1 at 2018-07-30 18:45:51 +0200
  
ActionController::RoutingError (No route matches [GET] "/about/crew"):
  
actionpack (5.2.0) lib/action_dispatch/middleware/debug_exceptions.rb:65:in `call'
web-console (3.6.2) lib/web_console/middleware.rb:135:in `call_app'
web-console (3.6.2) lib/web_console/middleware.rb:30:in `block in call'
web-console (3.6.2) lib/web_console/middleware.rb:20:in `catch'
web-console (3.6.2) lib/web_console/middleware.rb:20:in `call'
actionpack (5.2.0) lib/action_dispatch/middleware/show_exceptions.rb:33:in `call'
railties (5.2.0) lib/rails/rack/logger.rb:38:in `call_app'
railties (5.2.0) lib/rails/rack/logger.rb:26:in `block in call'
activesupport (5.2.0) lib/active_support/tagged_logging.rb:71:in `block in tagged'
activesupport (5.2.0) lib/active_support/tagged_logging.rb:28:in `tagged'
activesupport (5.2.0) lib/active_support/tagged_logging.rb:71:in `tagged'
railties (5.2.0) lib/rails/rack/logger.rb:26:in `call'
sprockets-rails (3.2.1) lib/sprockets/rails/quiet_assets.rb:13:in `call'
actionpack (5.2.0) lib/action_dispatch/middleware/remote_ip.rb:81:in `call'
actionpack (5.2.0) lib/action_dispatch/middleware/request_id.rb:27:in `call'
rack (2.0.5) lib/rack/method_override.rb:22:in `call'
rack (2.0.5) lib/rack/runtime.rb:22:in `call'
activesupport (5.2.0) lib/active_support/cache/strategy/local_cache_middleware.rb:29:in `call'
actionpack (5.2.0) lib/action_dispatch/middleware/executor.rb:14:in `call'
actionpack (5.2.0) lib/action_dispatch/middleware/static.rb:127:in `call'
rack (2.0.5) lib/rack/sendfile.rb:111:in `call'
railties (5.2.0) lib/rails/engine.rb:524:in `call'
puma (3.12.0) lib/puma/configuration.rb:225:in `call'
puma (3.12.0) lib/puma/server.rb:658:in `handle_request'
puma (3.12.0) lib/puma/server.rb:472:in `process_client'
puma (3.12.0) lib/puma/server.rb:332:in `block in run'
puma (3.12.0) lib/puma/thread_pool.rb:133:in `block in spawn_thread'
Started GET "/about/aboutcrew" for 127.0.0.1 at 2018-07-30 18:45:59 +0200
  
ActionController::RoutingError (No route matches [GET] "/about/aboutcrew"):
  
actionpack (5.2.0) lib/action_dispatch/middleware/debug_exceptions.rb:65:in `call'
web-console (3.6.2) lib/web_console/middleware.rb:135:in `call_app'
web-console (3.6.2) lib/web_console/middleware.rb:30:in `block in call'
web-console (3.6.2) lib/web_console/middleware.rb:20:in `catch'
web-console (3.6.2) lib/web_console/middleware.rb:20:in `call'
actionpack (5.2.0) lib/action_dispatch/middleware/show_exceptions.rb:33:in `call'
railties (5.2.0) lib/rails/rack/logger.rb:38:in `call_app'
railties (5.2.0) lib/rails/rack/logger.rb:26:in `block in call'
activesupport (5.2.0) lib/active_support/tagged_logging.rb:71:in `block in tagged'
activesupport (5.2.0) lib/active_support/tagged_logging.rb:28:in `tagged'
activesupport (5.2.0) lib/active_support/tagged_logging.rb:71:in `tagged'
railties (5.2.0) lib/rails/rack/logger.rb:26:in `call'
sprockets-rails (3.2.1) lib/sprockets/rails/quiet_assets.rb:13:in `call'
actionpack (5.2.0) lib/action_dispatch/middleware/remote_ip.rb:81:in `call'
actionpack (5.2.0) lib/action_dispatch/middleware/request_id.rb:27:in `call'
rack (2.0.5) lib/rack/method_override.rb:22:in `call'
rack (2.0.5) lib/rack/runtime.rb:22:in `call'
activesupport (5.2.0) lib/active_support/cache/strategy/local_cache_middleware.rb:29:in `call'
actionpack (5.2.0) lib/action_dispatch/middleware/executor.rb:14:in `call'
actionpack (5.2.0) lib/action_dispatch/middleware/static.rb:127:in `call'
rack (2.0.5) lib/rack/sendfile.rb:111:in `call'
railties (5.2.0) lib/rails/engine.rb:524:in `call'
puma (3.12.0) lib/puma/configuration.rb:225:in `call'
puma (3.12.0) lib/puma/server.rb:658:in `handle_request'
puma (3.12.0) lib/puma/server.rb:472:in `process_client'
puma (3.12.0) lib/puma/server.rb:332:in `block in run'
puma (3.12.0) lib/puma/thread_pool.rb:133:in `block in spawn_thread'
Started GET "/new_user" for 127.0.0.1 at 2018-07-30 18:46:56 +0200
Processing by UsersControllerController#new_user as HTML
  [1m[35m (0.0ms)[0m  [1m[36mbegin transaction[0m
  ↳ app/controllers/users_controller_controller.rb:6
  [1m[36mUser Create (0.4ms)[0m  [1m[32mINSERT INTO "users" DEFAULT VALUES[0m
  ↳ app/controllers/users_controller_controller.rb:6
  [1m[35m (1.3ms)[0m  [1m[36mcommit transaction[0m
  ↳ app/controllers/users_controller_controller.rb:6
  Rendering users_controller/new_user.html.erb within layouts/application
  Rendered users_controller/new_user.html.erb within layouts/application (0.4ms)
Completed 200 OK in 25ms (Views: 19.5ms | ActiveRecord: 1.7ms)


Started POST "/new_user" for 127.0.0.1 at 2018-07-30 18:47:02 +0200
Processing by UsersControllerController#new_user as HTML
  Parameters: {"authenticity_token"=>"vFUoiTLtp7VlW/zTmO4f1yXOZLAHmCgqc6tuplzYbBCuSXvzX/PE54VIzs5zRpdZif9fNvFaL9TmaSDwQ/X45w==", "username"=>"azet", "bio"=>"xbfvc"}
  [1m[35m (0.1ms)[0m  [1m[36mbegin transaction[0m
  ↳ app/controllers/users_controller_controller.rb:6
  [1m[36mUser Create (0.4ms)[0m  [1m[32mINSERT INTO "users" ("username", "bio") VALUES (?, ?)[0m  [["username", "azet"], ["bio", "xbfvc"]]
  ↳ app/controllers/users_controller_controller.rb:6
  [1m[35m (0.9ms)[0m  [1m[36mcommit transaction[0m
  ↳ app/controllers/users_controller_controller.rb:6
  Rendering users_controller/new_user.html.erb within layouts/application
  Rendered users_controller/new_user.html.erb within layouts/application (0.4ms)
Completed 200 OK in 23ms (Views: 17.9ms | ActiveRecord: 1.3ms)


Started POST "/new_user" for 127.0.0.1 at 2018-07-30 18:47:25 +0200
Processing by UsersControllerController#new_user as HTML
  Parameters: {"authenticity_token"=>"dUFnjL/uI01Xq6QmhvHrbtKv+RHG9vvNDdV+bKz6bQNnXTT20vBAH7e4ljttWWPgfp7ClzA0/DOYFzA6s9f59A==", "username"=>"abc", "bio"=>"def"}
  [1m[35m (0.1ms)[0m  [1m[36mbegin transaction[0m
  ↳ app/controllers/users_controller_controller.rb:6
  [1m[36mUser Create (0.6ms)[0m  [1m[32mINSERT INTO "users" ("username", "bio") VALUES (?, ?)[0m  [["username", "abc"], ["bio", "def"]]
  ↳ app/controllers/users_controller_controller.rb:6
  [1m[35m (0.8ms)[0m  [1m[36mcommit transaction[0m
  ↳ app/controllers/users_controller_controller.rb:6
  Rendering users_controller/new_user.html.erb within layouts/application
  Rendered users_controller/new_user.html.erb within layouts/application (0.4ms)
Completed 200 OK in 24ms (Views: 18.9ms | ActiveRecord: 1.5ms)


Started GET "/new_user" for 127.0.0.1 at 2018-07-30 19:06:58 +0200
Processing by UsersControllerController#new_user as HTML
  [1m[35m (0.1ms)[0m  [1m[36mbegin transaction[0m
  ↳ app/controllers/users_controller_controller.rb:6
  [1m[36mUser Create (0.4ms)[0m  [1m[32mINSERT INTO "users" DEFAULT VALUES[0m
  ↳ app/controllers/users_controller_controller.rb:6
  [1m[35m (0.7ms)[0m  [1m[36mcommit transaction[0m
  ↳ app/controllers/users_controller_controller.rb:6
  Rendering users_controller/new_user.html.erb within layouts/application
  Rendered users_controller/new_user.html.erb within layouts/application (0.4ms)
Completed 200 OK in 26ms (Views: 17.4ms | ActiveRecord: 1.7ms)


Started POST "/new_user" for 127.0.0.1 at 2018-07-30 19:07:05 +0200
  
ActionController::RoutingError (No route matches [POST] "/new_user"):
  
actionpack (5.2.0) lib/action_dispatch/middleware/debug_exceptions.rb:65:in `call'
web-console (3.6.2) lib/web_console/middleware.rb:135:in `call_app'
web-console (3.6.2) lib/web_console/middleware.rb:30:in `block in call'
web-console (3.6.2) lib/web_console/middleware.rb:20:in `catch'
web-console (3.6.2) lib/web_console/middleware.rb:20:in `call'
actionpack (5.2.0) lib/action_dispatch/middleware/show_exceptions.rb:33:in `call'
railties (5.2.0) lib/rails/rack/logger.rb:38:in `call_app'
railties (5.2.0) lib/rails/rack/logger.rb:26:in `block in call'
activesupport (5.2.0) lib/active_support/tagged_logging.rb:71:in `block in tagged'
activesupport (5.2.0) lib/active_support/tagged_logging.rb:28:in `tagged'
activesupport (5.2.0) lib/active_support/tagged_logging.rb:71:in `tagged'
railties (5.2.0) lib/rails/rack/logger.rb:26:in `call'
sprockets-rails (3.2.1) lib/sprockets/rails/quiet_assets.rb:13:in `call'
actionpack (5.2.0) lib/action_dispatch/middleware/remote_ip.rb:81:in `call'
actionpack (5.2.0) lib/action_dispatch/middleware/request_id.rb:27:in `call'
rack (2.0.5) lib/rack/method_override.rb:22:in `call'
rack (2.0.5) lib/rack/runtime.rb:22:in `call'
activesupport (5.2.0) lib/active_support/cache/strategy/local_cache_middleware.rb:29:in `call'
actionpack (5.2.0) lib/action_dispatch/middleware/executor.rb:14:in `call'
actionpack (5.2.0) lib/action_dispatch/middleware/static.rb:127:in `call'
rack (2.0.5) lib/rack/sendfile.rb:111:in `call'
railties (5.2.0) lib/rails/engine.rb:524:in `call'
puma (3.12.0) lib/puma/configuration.rb:225:in `call'
puma (3.12.0) lib/puma/server.rb:658:in `handle_request'
puma (3.12.0) lib/puma/server.rb:472:in `process_client'
puma (3.12.0) lib/puma/server.rb:332:in `block in run'
puma (3.12.0) lib/puma/thread_pool.rb:133:in `block in spawn_thread'
Started GET "/new_user" for 127.0.0.1 at 2018-07-30 19:07:25 +0200
Processing by UsersControllerController#new_user as HTML
  [1m[35m (0.0ms)[0m  [1m[36mbegin transaction[0m
  ↳ app/controllers/users_controller_controller.rb:6
  [1m[36mUser Create (0.3ms)[0m  [1m[32mINSERT INTO "users" DEFAULT VALUES[0m
  ↳ app/controllers/users_controller_controller.rb:6
  [1m[35m (1.3ms)[0m  [1m[36mcommit transaction[0m
  ↳ app/controllers/users_controller_controller.rb:6
  Rendering users_controller/new_user.html.erb within layouts/application
  Rendered users_controller/new_user.html.erb within layouts/application (0.5ms)
Completed 200 OK in 28ms (Views: 19.5ms | ActiveRecord: 2.2ms)


Started GET "/new_user" for 127.0.0.1 at 2018-07-30 19:09:47 +0200
Processing by UsersControllerController#new_user as HTML
  [1m[35m (0.1ms)[0m  [1m[36mbegin transaction[0m
  ↳ app/controllers/users_controller_controller.rb:6
  [1m[36mUser Create (0.3ms)[0m  [1m[32mINSERT INTO "users" DEFAULT VALUES[0m
  ↳ app/controllers/users_controller_controller.rb:6
  [1m[35m (1.2ms)[0m  [1m[36mcommit transaction[0m
  ↳ app/controllers/users_controller_controller.rb:6
  Rendering users_controller/new_user.html.erb within layouts/application
  Rendered users_controller/new_user.html.erb within layouts/application (207.8ms)
Completed 500 Internal Server Error in 219ms (ActiveRecord: 1.6ms)


  
ActionView::Template::Error (undefined local variable or method `index_path' for #<#<Class:0x00007fd4e3456310>:0x00007fd4e3331b60>
Did you mean?  video_path):
    1: <h1>Bienvenue dans la création d'utilisateurs !</h1>
    2: 
    3: <form action=<%= redirect_to index_path %> method="POST">
    4:   <input type="hidden" name="authenticity_token" value="<%= form_authenticity_token %>">
    5:   Username: <br>
    6:   <input type="text" name="username"><br>
  
app/views/users_controller/new_user.html.erb:3:in `_app_views_users_controller_new_user_html_erb___2664739469131176301_70276160787300'
Started GET "/new_user" for 127.0.0.1 at 2018-07-30 19:11:30 +0200
Processing by UsersControllerController#new_user as HTML
  [1m[35m (0.1ms)[0m  [1m[36mbegin transaction[0m
  ↳ app/controllers/users_controller_controller.rb:6
  [1m[36mUser Create (0.3ms)[0m  [1m[32mINSERT INTO "users" DEFAULT VALUES[0m
  ↳ app/controllers/users_controller_controller.rb:6
  [1m[35m (0.7ms)[0m  [1m[36mcommit transaction[0m
  ↳ app/controllers/users_controller_controller.rb:6
Redirected to http://localhost:3000/
Completed 302 Found in 11ms (ActiveRecord: 1.8ms)


Started GET "/" for 127.0.0.1 at 2018-07-30 19:11:30 +0200
Processing by StaticPagesController#home as HTML
  Rendering static_pages/home.html.erb within layouts/application
  Rendered static_pages/home.html.erb within layouts/application (0.9ms)
Completed 200 OK in 35ms (Views: 33.0ms | ActiveRecord: 0.0ms)


Started GET "/new_user" for 127.0.0.1 at 2018-07-30 19:11:32 +0200
Processing by UsersControllerController#new_user as HTML
  [1m[35m (0.1ms)[0m  [1m[36mbegin transaction[0m
  ↳ app/controllers/users_controller_controller.rb:6
  [1m[36mUser Create (0.4ms)[0m  [1m[32mINSERT INTO "users" DEFAULT VALUES[0m
  ↳ app/controllers/users_controller_controller.rb:6
  [1m[35m (1.3ms)[0m  [1m[36mcommit transaction[0m
  ↳ app/controllers/users_controller_controller.rb:6
Redirected to http://localhost:3000/
Completed 302 Found in 4ms (ActiveRecord: 1.7ms)


Started GET "/" for 127.0.0.1 at 2018-07-30 19:11:32 +0200
Processing by StaticPagesController#home as HTML
  Rendering static_pages/home.html.erb within layouts/application
  Rendered static_pages/home.html.erb within layouts/application (0.5ms)
Completed 200 OK in 29ms (Views: 25.8ms | ActiveRecord: 0.0ms)


Started GET "/new_user" for 127.0.0.1 at 2018-07-30 19:11:34 +0200
Processing by UsersControllerController#new_user as HTML
  [1m[35m (0.1ms)[0m  [1m[36mbegin transaction[0m
  ↳ app/controllers/users_controller_controller.rb:6
  [1m[36mUser Create (0.4ms)[0m  [1m[32mINSERT INTO "users" DEFAULT VALUES[0m
  ↳ app/controllers/users_controller_controller.rb:6
  [1m[35m (1.5ms)[0m  [1m[36mcommit transaction[0m
  ↳ app/controllers/users_controller_controller.rb:6
Redirected to http://localhost:3000/
Completed 302 Found in 5ms (ActiveRecord: 2.0ms)


Started GET "/" for 127.0.0.1 at 2018-07-30 19:11:34 +0200
Processing by StaticPagesController#home as HTML
  Rendering static_pages/home.html.erb within layouts/application
  Rendered static_pages/home.html.erb within layouts/application (0.6ms)
Completed 200 OK in 24ms (Views: 21.1ms | ActiveRecord: 0.0ms)


Started GET "/new_user" for 127.0.0.1 at 2018-07-30 19:11:35 +0200
Processing by UsersControllerController#new_user as HTML
  [1m[35m (0.1ms)[0m  [1m[36mbegin transaction[0m
  ↳ app/controllers/users_controller_controller.rb:6
  [1m[36mUser Create (0.4ms)[0m  [1m[32mINSERT INTO "users" DEFAULT VALUES[0m
  ↳ app/controllers/users_controller_controller.rb:6
  [1m[35m (1.3ms)[0m  [1m[36mcommit transaction[0m
  ↳ app/controllers/users_controller_controller.rb:6
Redirected to http://localhost:3000/
Completed 302 Found in 4ms (ActiveRecord: 1.8ms)


Started GET "/" for 127.0.0.1 at 2018-07-30 19:11:35 +0200
Processing by StaticPagesController#home as HTML
  Rendering static_pages/home.html.erb within layouts/application
  Rendered static_pages/home.html.erb within layouts/application (0.5ms)
Completed 200 OK in 30ms (Views: 27.5ms | ActiveRecord: 0.0ms)


Started GET "/new_user" for 127.0.0.1 at 2018-07-30 19:11:35 +0200
Processing by UsersControllerController#new_user as HTML
  [1m[35m (0.1ms)[0m  [1m[36mbegin transaction[0m
  ↳ app/controllers/users_controller_controller.rb:6
  [1m[36mUser Create (0.3ms)[0m  [1m[32mINSERT INTO "users" DEFAULT VALUES[0m
  ↳ app/controllers/users_controller_controller.rb:6
  [1m[35m (1.4ms)[0m  [1m[36mcommit transaction[0m
  ↳ app/controllers/users_controller_controller.rb:6
Redirected to http://localhost:3000/
Completed 302 Found in 4ms (ActiveRecord: 1.8ms)


Started GET "/" for 127.0.0.1 at 2018-07-30 19:11:35 +0200
Processing by StaticPagesController#home as HTML
  Rendering static_pages/home.html.erb within layouts/application
  Rendered static_pages/home.html.erb within layouts/application (0.6ms)
Completed 200 OK in 27ms (Views: 24.9ms | ActiveRecord: 0.0ms)


Started GET "/new_user" for 127.0.0.1 at 2018-07-30 19:11:36 +0200
Processing by UsersControllerController#new_user as HTML
  [1m[35m (0.1ms)[0m  [1m[36mbegin transaction[0m
  ↳ app/controllers/users_controller_controller.rb:6
  [1m[36mUser Create (0.3ms)[0m  [1m[32mINSERT INTO "users" DEFAULT VALUES[0m
  ↳ app/controllers/users_controller_controller.rb:6
  [1m[35m (1.2ms)[0m  [1m[36mcommit transaction[0m
  ↳ app/controllers/users_controller_controller.rb:6
Redirected to http://localhost:3000/
Completed 302 Found in 4ms (ActiveRecord: 1.6ms)


Started GET "/" for 127.0.0.1 at 2018-07-30 19:11:36 +0200
Processing by StaticPagesController#home as HTML
  Rendering static_pages/home.html.erb within layouts/application
  Rendered static_pages/home.html.erb within layouts/application (0.6ms)
Completed 200 OK in 35ms (Views: 32.4ms | ActiveRecord: 0.0ms)


Started GET "/new_user" for 127.0.0.1 at 2018-07-30 19:11:37 +0200
Processing by UsersControllerController#new_user as HTML
  [1m[35m (0.1ms)[0m  [1m[36mbegin transaction[0m
  ↳ app/controllers/users_controller_controller.rb:6
  [1m[36mUser Create (0.5ms)[0m  [1m[32mINSERT INTO "users" DEFAULT VALUES[0m
  ↳ app/controllers/users_controller_controller.rb:6
  [1m[35m (0.8ms)[0m  [1m[36mcommit transaction[0m
  ↳ app/controllers/users_controller_controller.rb:6
Redirected to http://localhost:3000/
Completed 302 Found in 5ms (ActiveRecord: 1.4ms)


Started GET "/" for 127.0.0.1 at 2018-07-30 19:11:37 +0200
Processing by StaticPagesController#home as HTML
  Rendering static_pages/home.html.erb within layouts/application
  Rendered static_pages/home.html.erb within layouts/application (0.4ms)
Completed 200 OK in 32ms (Views: 29.0ms | ActiveRecord: 0.0ms)


Started GET "/new_user" for 127.0.0.1 at 2018-07-30 19:11:37 +0200
Processing by UsersControllerController#new_user as HTML
  [1m[35m (0.1ms)[0m  [1m[36mbegin transaction[0m
  ↳ app/controllers/users_controller_controller.rb:6
  [1m[36mUser Create (0.3ms)[0m  [1m[32mINSERT INTO "users" DEFAULT VALUES[0m
  ↳ app/controllers/users_controller_controller.rb:6
  [1m[35m (1.4ms)[0m  [1m[36mcommit transaction[0m
  ↳ app/controllers/users_controller_controller.rb:6
Redirected to http://localhost:3000/
Completed 302 Found in 4ms (ActiveRecord: 1.8ms)


Started GET "/" for 127.0.0.1 at 2018-07-30 19:11:37 +0200
Processing by StaticPagesController#home as HTML
  Rendering static_pages/home.html.erb within layouts/application
  Rendered static_pages/home.html.erb within layouts/application (0.6ms)
Completed 200 OK in 32ms (Views: 28.5ms | ActiveRecord: 0.0ms)


Started GET "/new_user" for 127.0.0.1 at 2018-07-30 19:11:38 +0200
Processing by UsersControllerController#new_user as HTML
  [1m[35m (0.4ms)[0m  [1m[36mbegin transaction[0m
  ↳ app/controllers/users_controller_controller.rb:6
  [1m[36mUser Create (0.5ms)[0m  [1m[32mINSERT INTO "users" DEFAULT VALUES[0m
  ↳ app/controllers/users_controller_controller.rb:6
  [1m[35m (1.5ms)[0m  [1m[36mcommit transaction[0m
  ↳ app/controllers/users_controller_controller.rb:6
Redirected to http://localhost:3000/
Completed 302 Found in 4ms (ActiveRecord: 2.3ms)


Started GET "/" for 127.0.0.1 at 2018-07-30 19:11:38 +0200
Processing by StaticPagesController#home as HTML
  Rendering static_pages/home.html.erb within layouts/application
  Rendered static_pages/home.html.erb within layouts/application (0.5ms)
Completed 200 OK in 28ms (Views: 25.1ms | ActiveRecord: 0.0ms)


Started GET "/new_user" for 127.0.0.1 at 2018-07-30 19:11:39 +0200
Processing by UsersControllerController#new_user as HTML
  [1m[35m (0.1ms)[0m  [1m[36mbegin transaction[0m
  ↳ app/controllers/users_controller_controller.rb:6
  [1m[36mUser Create (0.3ms)[0m  [1m[32mINSERT INTO "users" DEFAULT VALUES[0m
  ↳ app/controllers/users_controller_controller.rb:6
  [1m[35m (1.3ms)[0m  [1m[36mcommit transaction[0m
  ↳ app/controllers/users_controller_controller.rb:6
Redirected to http://localhost:3000/
Completed 302 Found in 4ms (ActiveRecord: 1.6ms)


Started GET "/" for 127.0.0.1 at 2018-07-30 19:11:39 +0200
Processing by StaticPagesController#home as HTML
  Rendering static_pages/home.html.erb within layouts/application
  Rendered static_pages/home.html.erb within layouts/application (0.5ms)
Completed 200 OK in 43ms (Views: 40.6ms | ActiveRecord: 0.0ms)


Started GET "/new_user" for 127.0.0.1 at 2018-07-30 19:11:39 +0200
Processing by UsersControllerController#new_user as HTML
  [1m[35m (0.1ms)[0m  [1m[36mbegin transaction[0m
  ↳ app/controllers/users_controller_controller.rb:6
  [1m[36mUser Create (0.4ms)[0m  [1m[32mINSERT INTO "users" DEFAULT VALUES[0m
  ↳ app/controllers/users_controller_controller.rb:6
  [1m[35m (0.9ms)[0m  [1m[36mcommit transaction[0m
  ↳ app/controllers/users_controller_controller.rb:6
Redirected to http://localhost:3000/
Completed 302 Found in 3ms (ActiveRecord: 1.3ms)


Started GET "/" for 127.0.0.1 at 2018-07-30 19:11:39 +0200
Processing by StaticPagesController#home as HTML
  Rendering static_pages/home.html.erb within layouts/application
  Rendered static_pages/home.html.erb within layouts/application (0.5ms)
Completed 200 OK in 24ms (Views: 18.9ms | ActiveRecord: 0.0ms)


Started GET "/new_user" for 127.0.0.1 at 2018-07-30 19:11:40 +0200
Processing by UsersControllerController#new_user as HTML
  [1m[35m (0.1ms)[0m  [1m[36mbegin transaction[0m
  ↳ app/controllers/users_controller_controller.rb:6
  [1m[36mUser Create (0.4ms)[0m  [1m[32mINSERT INTO "users" DEFAULT VALUES[0m
  ↳ app/controllers/users_controller_controller.rb:6
  [1m[35m (1.3ms)[0m  [1m[36mcommit transaction[0m
  ↳ app/controllers/users_controller_controller.rb:6
Redirected to http://localhost:3000/
Completed 302 Found in 4ms (ActiveRecord: 1.8ms)


Started GET "/" for 127.0.0.1 at 2018-07-30 19:11:40 +0200
Processing by StaticPagesController#home as HTML
  Rendering static_pages/home.html.erb within layouts/application
  Rendered static_pages/home.html.erb within layouts/application (0.4ms)
Completed 200 OK in 23ms (Views: 19.7ms | ActiveRecord: 0.0ms)


Started GET "/new_user" for 127.0.0.1 at 2018-07-30 19:11:41 +0200
Processing by UsersControllerController#new_user as HTML
  [1m[35m (0.1ms)[0m  [1m[36mbegin transaction[0m
  ↳ app/controllers/users_controller_controller.rb:6
  [1m[36mUser Create (0.3ms)[0m  [1m[32mINSERT INTO "users" DEFAULT VALUES[0m
  ↳ app/controllers/users_controller_controller.rb:6
  [1m[35m (1.4ms)[0m  [1m[36mcommit transaction[0m
  ↳ app/controllers/users_controller_controller.rb:6
Redirected to http://localhost:3000/
Completed 302 Found in 4ms (ActiveRecord: 1.8ms)


Started GET "/" for 127.0.0.1 at 2018-07-30 19:11:41 +0200
Processing by StaticPagesController#home as HTML
  Rendering static_pages/home.html.erb within layouts/application
  Rendered static_pages/home.html.erb within layouts/application (0.4ms)
Completed 200 OK in 24ms (Views: 21.6ms | ActiveRecord: 0.0ms)


Started GET "/new_user" for 127.0.0.1 at 2018-07-30 19:11:47 +0200
Processing by UsersControllerController#new_user as HTML
  [1m[35m (0.0ms)[0m  [1m[36mbegin transaction[0m
  ↳ app/controllers/users_controller_controller.rb:6
  [1m[36mUser Create (0.3ms)[0m  [1m[32mINSERT INTO "users" DEFAULT VALUES[0m
  ↳ app/controllers/users_controller_controller.rb:6
  [1m[35m (1.1ms)[0m  [1m[36mcommit transaction[0m
  ↳ app/controllers/users_controller_controller.rb:6
Redirected to http://localhost:3000/
Completed 302 Found in 3ms (ActiveRecord: 1.4ms)


Started GET "/" for 127.0.0.1 at 2018-07-30 19:11:47 +0200
Processing by StaticPagesController#home as HTML
  Rendering static_pages/home.html.erb within layouts/application
  Rendered static_pages/home.html.erb within layouts/application (0.5ms)
Completed 200 OK in 22ms (Views: 19.9ms | ActiveRecord: 0.0ms)


Started GET "/new_user" for 127.0.0.1 at 2018-07-30 19:13:28 +0200
  
SyntaxError (/Users/mailan/Documents/Thp_s5/formulaire/config/routes.rb:4: syntax error, unexpected tIDENTIFIER, expecting keyword_end
... 'users_controller#new_user' as: "new2"
...                             ^~):
  
config/routes.rb:4: syntax error, unexpected tIDENTIFIER, expecting keyword_end
Started GET "/new_user" for 127.0.0.1 at 2018-07-30 19:13:58 +0200
Processing by UsersControllerController#new_user as HTML
  [1m[35m (0.0ms)[0m  [1m[36mbegin transaction[0m
  ↳ app/controllers/users_controller_controller.rb:6
  [1m[36mUser Create (0.5ms)[0m  [1m[32mINSERT INTO "users" DEFAULT VALUES[0m
  ↳ app/controllers/users_controller_controller.rb:6
  [1m[35m (0.8ms)[0m  [1m[36mcommit transaction[0m
  ↳ app/controllers/users_controller_controller.rb:6
Redirected to http://localhost:3000/
Completed 302 Found in 7ms (ActiveRecord: 1.8ms)


Started GET "/" for 127.0.0.1 at 2018-07-30 19:13:58 +0200
Processing by StaticPagesController#home as HTML
  Rendering static_pages/home.html.erb within layouts/application
  Rendered static_pages/home.html.erb within layouts/application (0.5ms)
Completed 200 OK in 20ms (Views: 17.5ms | ActiveRecord: 0.0ms)


Started GET "/new_user" for 127.0.0.1 at 2018-07-30 19:14:00 +0200
Processing by UsersControllerController#new_user as HTML
  [1m[35m (0.1ms)[0m  [1m[36mbegin transaction[0m
  ↳ app/controllers/users_controller_controller.rb:6
  [1m[36mUser Create (0.4ms)[0m  [1m[32mINSERT INTO "users" DEFAULT VALUES[0m
  ↳ app/controllers/users_controller_controller.rb:6
  [1m[35m (1.5ms)[0m  [1m[36mcommit transaction[0m
  ↳ app/controllers/users_controller_controller.rb:6
Redirected to http://localhost:3000/
Completed 302 Found in 4ms (ActiveRecord: 1.9ms)


Started GET "/" for 127.0.0.1 at 2018-07-30 19:14:00 +0200
Processing by StaticPagesController#home as HTML
  Rendering static_pages/home.html.erb within layouts/application
  Rendered static_pages/home.html.erb within layouts/application (0.5ms)
Completed 200 OK in 26ms (Views: 22.8ms | ActiveRecord: 0.0ms)


Started GET "/new_user" for 127.0.0.1 at 2018-07-30 19:14:01 +0200
Processing by UsersControllerController#new_user as HTML
  [1m[35m (0.1ms)[0m  [1m[36mbegin transaction[0m
  ↳ app/controllers/users_controller_controller.rb:6
  [1m[36mUser Create (0.3ms)[0m  [1m[32mINSERT INTO "users" DEFAULT VALUES[0m
  ↳ app/controllers/users_controller_controller.rb:6
  [1m[35m (0.9ms)[0m  [1m[36mcommit transaction[0m
  ↳ app/controllers/users_controller_controller.rb:6
Redirected to http://localhost:3000/
Completed 302 Found in 4ms (ActiveRecord: 1.3ms)


Started GET "/" for 127.0.0.1 at 2018-07-30 19:14:01 +0200
Processing by StaticPagesController#home as HTML
  Rendering static_pages/home.html.erb within layouts/application
  Rendered static_pages/home.html.erb within layouts/application (0.4ms)
Completed 200 OK in 22ms (Views: 20.1ms | ActiveRecord: 0.0ms)


Started GET "/new_user" for 127.0.0.1 at 2018-07-30 19:15:30 +0200
Processing by UsersControllerController#new_user as HTML
  [1m[35m (0.0ms)[0m  [1m[36mbegin transaction[0m
  ↳ app/controllers/users_controller_controller.rb:6
  [1m[36mUser Create (0.3ms)[0m  [1m[32mINSERT INTO "users" DEFAULT VALUES[0m
  ↳ app/controllers/users_controller_controller.rb:6
  [1m[35m (0.7ms)[0m  [1m[36mcommit transaction[0m
  ↳ app/controllers/users_controller_controller.rb:6
  Rendering users_controller/new_user.html.erb within layouts/application
  Rendered users_controller/new_user.html.erb within layouts/application (0.4ms)
Completed 200 OK in 26ms (Views: 18.0ms | ActiveRecord: 1.7ms)


Started POST "/new_user" for 127.0.0.1 at 2018-07-30 19:15:43 +0200
Processing by UsersControllerController#new_user as HTML
  Parameters: {"authenticity_token"=>"Biups+IhJjyGKHuZm6Dusk/9mQbJAuC/QI+7gVVTWp8UN/rJjz9FbmY7SYRwCGY848yigD/A50HVTfXXSn7OaA==", "username"=>"meme", "bio"=>"azerty"}
  [1m[35m (0.1ms)[0m  [1m[36mbegin transaction[0m
  ↳ app/controllers/users_controller_controller.rb:6
  [1m[36mUser Create (0.4ms)[0m  [1m[32mINSERT INTO "users" ("username", "bio") VALUES (?, ?)[0m  [["username", "meme"], ["bio", "azerty"]]
  ↳ app/controllers/users_controller_controller.rb:6
  [1m[35m (0.9ms)[0m  [1m[36mcommit transaction[0m
  ↳ app/controllers/users_controller_controller.rb:6
  Rendering users_controller/new_user.html.erb within layouts/application
  Rendered users_controller/new_user.html.erb within layouts/application (0.3ms)
Completed 200 OK in 24ms (Views: 18.5ms | ActiveRecord: 1.4ms)


Started POST "/new_user" for 127.0.0.1 at 2018-07-30 19:22:49 +0200
Processing by UsersControllerController#new_user as HTML
  Parameters: {"authenticity_token"=>"ftz2hV7WK9lBgePOe0S6MRESIred5iHt326wi2Yd6RtswKX/M8hIi6GS0dOQ7DK/vSMZMWskJhNKrP7deTB97A==", "username"=>"azet", "bio"=>"mmm"}
  [1m[35m (0.0ms)[0m  [1m[36mbegin transaction[0m
  ↳ app/controllers/users_controller_controller.rb:6
  [1m[36mUser Create (0.4ms)[0m  [1m[32mINSERT INTO "users" ("username", "bio") VALUES (?, ?)[0m  [["username", "azet"], ["bio", "mmm"]]
  ↳ app/controllers/users_controller_controller.rb:6
  [1m[35m (0.7ms)[0m  [1m[36mcommit transaction[0m
  ↳ app/controllers/users_controller_controller.rb:6
  Rendering users_controller/new_user.html.erb within layouts/application
  Rendered users_controller/new_user.html.erb within layouts/application (0.4ms)
Completed 200 OK in 22ms (Views: 17.2ms | ActiveRecord: 1.2ms)


Started POST "/new_user" for 127.0.0.1 at 2018-07-30 19:24:35 +0200
Processing by UsersControllerController#new_user as HTML
  Parameters: {"authenticity_token"=>"fir772go31iesyd4X1+vFeyTriRm0CxExMzmZ6/oDRNsNqiVBTa8Cn6gFWW09yebQKKVopASK7pRDqgxsMWZ5A==", "username"=>"pupu", "bio"=>"kiki"}
  [1m[35m (0.0ms)[0m  [1m[36mbegin transaction[0m
  ↳ app/controllers/users_controller_controller.rb:6
  [1m[36mUser Create (0.3ms)[0m  [1m[32mINSERT INTO "users" ("username", "bio") VALUES (?, ?)[0m  [["username", "pupu"], ["bio", "kiki"]]
  ↳ app/controllers/users_controller_controller.rb:6
  [1m[35m (0.8ms)[0m  [1m[36mcommit transaction[0m
  ↳ app/controllers/users_controller_controller.rb:6
Redirected to http://localhost:3000/
Completed 302 Found in 7ms (ActiveRecord: 2.0ms)


Started GET "/" for 127.0.0.1 at 2018-07-30 19:24:35 +0200
Processing by StaticPagesController#home as HTML
  Rendering static_pages/home.html.erb within layouts/application
  Rendered static_pages/home.html.erb within layouts/application (0.6ms)
Completed 200 OK in 24ms (Views: 21.7ms | ActiveRecord: 0.0ms)


Started GET "/new_user" for 127.0.0.1 at 2018-07-30 19:25:33 +0200
Processing by UsersControllerController#new_user as HTML
  [1m[35m (0.1ms)[0m  [1m[36mbegin transaction[0m
  ↳ app/controllers/users_controller_controller.rb:6
  [1m[36mUser Create (0.4ms)[0m  [1m[32mINSERT INTO "users" DEFAULT VALUES[0m
  ↳ app/controllers/users_controller_controller.rb:6
  [1m[35m (1.4ms)[0m  [1m[36mcommit transaction[0m
  ↳ app/controllers/users_controller_controller.rb:6
Redirected to http://localhost:3000/
Completed 302 Found in 4ms (ActiveRecord: 1.8ms)


Started GET "/" for 127.0.0.1 at 2018-07-30 19:25:33 +0200
Processing by StaticPagesController#home as HTML
  Rendering static_pages/home.html.erb within layouts/application
  Rendered static_pages/home.html.erb within layouts/application (0.5ms)
Completed 200 OK in 25ms (Views: 21.5ms | ActiveRecord: 0.0ms)


Started GET "/new_user" for 127.0.0.1 at 2018-07-30 19:25:34 +0200
Processing by UsersControllerController#new_user as HTML
  [1m[35m (0.1ms)[0m  [1m[36mbegin transaction[0m
  ↳ app/controllers/users_controller_controller.rb:6
  [1m[36mUser Create (0.4ms)[0m  [1m[32mINSERT INTO "users" DEFAULT VALUES[0m
  ↳ app/controllers/users_controller_controller.rb:6
  [1m[35m (1.7ms)[0m  [1m[36mcommit transaction[0m
  ↳ app/controllers/users_controller_controller.rb:6
Redirected to http://localhost:3000/
Completed 302 Found in 5ms (ActiveRecord: 2.2ms)


Started GET "/" for 127.0.0.1 at 2018-07-30 19:25:34 +0200
Processing by StaticPagesController#home as HTML
  Rendering static_pages/home.html.erb within layouts/application
  Rendered static_pages/home.html.erb within layouts/application (0.4ms)
Completed 200 OK in 22ms (Views: 19.8ms | ActiveRecord: 0.0ms)


Started GET "/new_user" for 127.0.0.1 at 2018-07-30 19:25:35 +0200
Processing by UsersControllerController#new_user as HTML
  [1m[35m (0.1ms)[0m  [1m[36mbegin transaction[0m
  ↳ app/controllers/users_controller_controller.rb:6
  [1m[36mUser Create (0.4ms)[0m  [1m[32mINSERT INTO "users" DEFAULT VALUES[0m
  ↳ app/controllers/users_controller_controller.rb:6
  [1m[35m (1.3ms)[0m  [1m[36mcommit transaction[0m
  ↳ app/controllers/users_controller_controller.rb:6
Redirected to http://localhost:3000/
Completed 302 Found in 4ms (ActiveRecord: 1.7ms)


Started GET "/" for 127.0.0.1 at 2018-07-30 19:25:35 +0200
Processing by StaticPagesController#home as HTML
  Rendering static_pages/home.html.erb within layouts/application
  Rendered static_pages/home.html.erb within layouts/application (0.4ms)
Completed 200 OK in 26ms (Views: 20.5ms | ActiveRecord: 0.0ms)


Started GET "/new_user" for 127.0.0.1 at 2018-07-30 19:25:35 +0200
Processing by UsersControllerController#new_user as HTML
  [1m[35m (0.1ms)[0m  [1m[36mbegin transaction[0m
  ↳ app/controllers/users_controller_controller.rb:6
  [1m[36mUser Create (0.4ms)[0m  [1m[32mINSERT INTO "users" DEFAULT VALUES[0m
  ↳ app/controllers/users_controller_controller.rb:6
  [1m[35m (0.8ms)[0m  [1m[36mcommit transaction[0m
  ↳ app/controllers/users_controller_controller.rb:6
Redirected to http://localhost:3000/
Completed 302 Found in 3ms (ActiveRecord: 1.3ms)


Started GET "/" for 127.0.0.1 at 2018-07-30 19:25:35 +0200
Processing by StaticPagesController#home as HTML
  Rendering static_pages/home.html.erb within layouts/application
  Rendered static_pages/home.html.erb within layouts/application (0.6ms)
Completed 200 OK in 22ms (Views: 18.9ms | ActiveRecord: 0.0ms)


Started GET "/new_user" for 127.0.0.1 at 2018-07-30 19:25:36 +0200
Processing by UsersControllerController#new_user as HTML
  [1m[35m (0.1ms)[0m  [1m[36mbegin transaction[0m
  ↳ app/controllers/users_controller_controller.rb:6
  [1m[36mUser Create (0.4ms)[0m  [1m[32mINSERT INTO "users" DEFAULT VALUES[0m
  ↳ app/controllers/users_controller_controller.rb:6
  [1m[35m (1.5ms)[0m  [1m[36mcommit transaction[0m
  ↳ app/controllers/users_controller_controller.rb:6
Redirected to http://localhost:3000/
Completed 302 Found in 4ms (ActiveRecord: 2.0ms)


Started GET "/" for 127.0.0.1 at 2018-07-30 19:25:36 +0200
Processing by StaticPagesController#home as HTML
  Rendering static_pages/home.html.erb within layouts/application
  Rendered static_pages/home.html.erb within layouts/application (0.6ms)
Completed 200 OK in 28ms (Views: 25.1ms | ActiveRecord: 0.0ms)


Started GET "/new_user" for 127.0.0.1 at 2018-07-30 19:25:36 +0200
Processing by UsersControllerController#new_user as HTML
  [1m[35m (0.1ms)[0m  [1m[36mbegin transaction[0m
  ↳ app/controllers/users_controller_controller.rb:6
  [1m[36mUser Create (0.4ms)[0m  [1m[32mINSERT INTO "users" DEFAULT VALUES[0m
  ↳ app/controllers/users_controller_controller.rb:6
  [1m[35m (1.4ms)[0m  [1m[36mcommit transaction[0m
  ↳ app/controllers/users_controller_controller.rb:6
Redirected to http://localhost:3000/
Completed 302 Found in 4ms (ActiveRecord: 1.9ms)


Started GET "/" for 127.0.0.1 at 2018-07-30 19:25:36 +0200
Processing by StaticPagesController#home as HTML
  Rendering static_pages/home.html.erb within layouts/application
  Rendered static_pages/home.html.erb within layouts/application (0.5ms)
Completed 200 OK in 27ms (Views: 24.0ms | ActiveRecord: 0.0ms)


Started GET "/new_user" for 127.0.0.1 at 2018-07-30 19:25:36 +0200
Processing by UsersControllerController#new_user as HTML
  [1m[35m (0.1ms)[0m  [1m[36mbegin transaction[0m
  ↳ app/controllers/users_controller_controller.rb:6
  [1m[36mUser Create (0.4ms)[0m  [1m[32mINSERT INTO "users" DEFAULT VALUES[0m
  ↳ app/controllers/users_controller_controller.rb:6
  [1m[35m (1.3ms)[0m  [1m[36mcommit transaction[0m
  ↳ app/controllers/users_controller_controller.rb:6
Redirected to http://localhost:3000/
Completed 302 Found in 4ms (ActiveRecord: 1.8ms)


Started GET "/" for 127.0.0.1 at 2018-07-30 19:25:36 +0200
Processing by StaticPagesController#home as HTML
  Rendering static_pages/home.html.erb within layouts/application
  Rendered static_pages/home.html.erb within layouts/application (0.5ms)
Completed 200 OK in 25ms (Views: 19.7ms | ActiveRecord: 0.0ms)


Started GET "/new_user" for 127.0.0.1 at 2018-07-30 19:25:37 +0200
Processing by UsersControllerController#new_user as HTML
  [1m[35m (0.1ms)[0m  [1m[36mbegin transaction[0m
  ↳ app/controllers/users_controller_controller.rb:6
  [1m[36mUser Create (0.4ms)[0m  [1m[32mINSERT INTO "users" DEFAULT VALUES[0m
  ↳ app/controllers/users_controller_controller.rb:6
  [1m[35m (1.5ms)[0m  [1m[36mcommit transaction[0m
  ↳ app/controllers/users_controller_controller.rb:6
Redirected to http://localhost:3000/
Completed 302 Found in 5ms (ActiveRecord: 1.9ms)


Started GET "/" for 127.0.0.1 at 2018-07-30 19:25:37 +0200
Processing by StaticPagesController#home as HTML
  Rendering static_pages/home.html.erb within layouts/application
  Rendered static_pages/home.html.erb within layouts/application (0.6ms)
Completed 200 OK in 23ms (Views: 20.4ms | ActiveRecord: 0.0ms)


Started GET "/new_user" for 127.0.0.1 at 2018-07-30 19:25:37 +0200
Processing by UsersControllerController#new_user as HTML
  [1m[35m (0.1ms)[0m  [1m[36mbegin transaction[0m
  ↳ app/controllers/users_controller_controller.rb:6
  [1m[36mUser Create (0.4ms)[0m  [1m[32mINSERT INTO "users" DEFAULT VALUES[0m
  ↳ app/controllers/users_controller_controller.rb:6
  [1m[35m (1.3ms)[0m  [1m[36mcommit transaction[0m
  ↳ app/controllers/users_controller_controller.rb:6
Redirected to http://localhost:3000/
Completed 302 Found in 4ms (ActiveRecord: 1.8ms)


Started GET "/" for 127.0.0.1 at 2018-07-30 19:25:37 +0200
Processing by StaticPagesController#home as HTML
  Rendering static_pages/home.html.erb within layouts/application
  Rendered static_pages/home.html.erb within layouts/application (0.6ms)
Completed 200 OK in 26ms (Views: 23.4ms | ActiveRecord: 0.0ms)


Started GET "/new_user" for 127.0.0.1 at 2018-07-30 19:25:37 +0200
Processing by UsersControllerController#new_user as HTML
  [1m[35m (0.1ms)[0m  [1m[36mbegin transaction[0m
  ↳ app/controllers/users_controller_controller.rb:6
  [1m[36mUser Create (0.3ms)[0m  [1m[32mINSERT INTO "users" DEFAULT VALUES[0m
  ↳ app/controllers/users_controller_controller.rb:6
  [1m[35m (1.4ms)[0m  [1m[36mcommit transaction[0m
  ↳ app/controllers/users_controller_controller.rb:6
Redirected to http://localhost:3000/
Completed 302 Found in 4ms (ActiveRecord: 1.8ms)


Started GET "/" for 127.0.0.1 at 2018-07-30 19:25:37 +0200
Processing by StaticPagesController#home as HTML
  Rendering static_pages/home.html.erb within layouts/application
  Rendered static_pages/home.html.erb within layouts/application (0.6ms)
Completed 200 OK in 29ms (Views: 26.0ms | ActiveRecord: 0.0ms)


Started GET "/new_user" for 127.0.0.1 at 2018-07-30 19:25:37 +0200
Processing by UsersControllerController#new_user as HTML
  [1m[35m (0.1ms)[0m  [1m[36mbegin transaction[0m
  ↳ app/controllers/users_controller_controller.rb:6
  [1m[36mUser Create (0.4ms)[0m  [1m[32mINSERT INTO "users" DEFAULT VALUES[0m
  ↳ app/controllers/users_controller_controller.rb:6
  [1m[35m (1.3ms)[0m  [1m[36mcommit transaction[0m
  ↳ app/controllers/users_controller_controller.rb:6
Redirected to http://localhost:3000/
Completed 302 Found in 4ms (ActiveRecord: 1.7ms)


Started GET "/" for 127.0.0.1 at 2018-07-30 19:25:37 +0200
Processing by StaticPagesController#home as HTML
  Rendering static_pages/home.html.erb within layouts/application
  Rendered static_pages/home.html.erb within layouts/application (0.5ms)
Completed 200 OK in 22ms (Views: 19.4ms | ActiveRecord: 0.0ms)


Started GET "/new_user" for 127.0.0.1 at 2018-07-30 19:25:37 +0200
Processing by UsersControllerController#new_user as HTML
  [1m[35m (0.1ms)[0m  [1m[36mbegin transaction[0m
  ↳ app/controllers/users_controller_controller.rb:6
  [1m[36mUser Create (0.4ms)[0m  [1m[32mINSERT INTO "users" DEFAULT VALUES[0m
  ↳ app/controllers/users_controller_controller.rb:6
  [1m[35m (1.4ms)[0m  [1m[36mcommit transaction[0m
  ↳ app/controllers/users_controller_controller.rb:6
Redirected to http://localhost:3000/
Completed 302 Found in 4ms (ActiveRecord: 1.9ms)


Started GET "/" for 127.0.0.1 at 2018-07-30 19:25:37 +0200
Processing by StaticPagesController#home as HTML
  Rendering static_pages/home.html.erb within layouts/application
  Rendered static_pages/home.html.erb within layouts/application (0.4ms)
Completed 200 OK in 24ms (Views: 20.3ms | ActiveRecord: 0.0ms)


Started GET "/new_user" for 127.0.0.1 at 2018-07-30 19:25:38 +0200
Processing by UsersControllerController#new_user as HTML
  [1m[35m (0.1ms)[0m  [1m[36mbegin transaction[0m
  ↳ app/controllers/users_controller_controller.rb:6
  [1m[36mUser Create (0.4ms)[0m  [1m[32mINSERT INTO "users" DEFAULT VALUES[0m
  ↳ app/controllers/users_controller_controller.rb:6
  [1m[35m (1.3ms)[0m  [1m[36mcommit transaction[0m
  ↳ app/controllers/users_controller_controller.rb:6
Redirected to http://localhost:3000/
Completed 302 Found in 4ms (ActiveRecord: 1.7ms)


Started GET "/" for 127.0.0.1 at 2018-07-30 19:25:38 +0200
Processing by StaticPagesController#home as HTML
  Rendering static_pages/home.html.erb within layouts/application
  Rendered static_pages/home.html.erb within layouts/application (0.5ms)
Completed 200 OK in 27ms (Views: 23.9ms | ActiveRecord: 0.0ms)


Started GET "/new_user" for 127.0.0.1 at 2018-07-30 19:25:38 +0200
Processing by UsersControllerController#new_user as HTML
  [1m[35m (0.1ms)[0m  [1m[36mbegin transaction[0m
  ↳ app/controllers/users_controller_controller.rb:6
  [1m[36mUser Create (0.4ms)[0m  [1m[32mINSERT INTO "users" DEFAULT VALUES[0m
  ↳ app/controllers/users_controller_controller.rb:6
  [1m[35m (1.4ms)[0m  [1m[36mcommit transaction[0m
  ↳ app/controllers/users_controller_controller.rb:6
Redirected to http://localhost:3000/
Completed 302 Found in 4ms (ActiveRecord: 1.8ms)


Started GET "/" for 127.0.0.1 at 2018-07-30 19:25:38 +0200
Processing by StaticPagesController#home as HTML
  Rendering static_pages/home.html.erb within layouts/application
  Rendered static_pages/home.html.erb within layouts/application (0.4ms)
Completed 200 OK in 22ms (Views: 19.7ms | ActiveRecord: 0.0ms)


Started GET "/new_user" for 127.0.0.1 at 2018-07-30 19:27:12 +0200
Processing by UsersControllerController#new_user as HTML
Completed 500 Internal Server Error in 121ms (ActiveRecord: 0.0ms)


  
NameError (undefined local variable or method `null' for #<UsersControllerController:0x00007fd4e483b2b8>):
  
app/controllers/users_controller_controller.rb:3:in `new_user'
Started GET "/" for 127.0.0.1 at 2018-07-30 19:27:49 +0200
Processing by StaticPagesController#home as HTML
  Rendering static_pages/home.html.erb within layouts/application
  Rendered static_pages/home.html.erb within layouts/application (0.4ms)
Completed 200 OK in 25ms (Views: 22.9ms | ActiveRecord: 0.0ms)


Started GET "/new_user" for 127.0.0.1 at 2018-07-30 19:27:52 +0200
Processing by UsersControllerController#new_user as HTML
  Rendering users_controller/new_user.html.erb within layouts/application
  Rendered users_controller/new_user.html.erb within layouts/application (0.8ms)
Completed 200 OK in 26ms (Views: 23.0ms | ActiveRecord: 0.0ms)


Started POST "/new_user" for 127.0.0.1 at 2018-07-30 19:27:59 +0200
Processing by UsersControllerController#new_user as HTML
  Parameters: {"authenticity_token"=>"eucZEz3ptxMlcTp9CFlK285bK58LAFgA1/L4STWB3cZo+0ppUPfUQcViCGDj8cJVYmoQGf3CX/5CMLYfKqxJMQ==", "username"=>"lol", "bio"=>"mdr"}
  [1m[35m (0.0ms)[0m  [1m[36mbegin transaction[0m
  ↳ app/controllers/users_controller_controller.rb:8
  [1m[36mUser Create (0.3ms)[0m  [1m[32mINSERT INTO "users" ("username", "bio") VALUES (?, ?)[0m  [["username", "lol"], ["bio", "mdr"]]
  ↳ app/controllers/users_controller_controller.rb:8
  [1m[35m (0.8ms)[0m  [1m[36mcommit transaction[0m
  ↳ app/controllers/users_controller_controller.rb:8
Redirected to http://localhost:3000/
Completed 302 Found in 8ms (ActiveRecord: 1.7ms)


Started GET "/" for 127.0.0.1 at 2018-07-30 19:27:59 +0200
Processing by StaticPagesController#home as HTML
  Rendering static_pages/home.html.erb within layouts/application
  Rendered static_pages/home.html.erb within layouts/application (0.5ms)
Completed 200 OK in 23ms (Views: 20.5ms | ActiveRecord: 0.0ms)


Started GET "/new_user" for 127.0.0.1 at 2018-07-30 19:29:10 +0200
Processing by UsersControllerController#new_user as HTML
  Rendering users_controller/new_user.html.erb within layouts/application
  Rendered users_controller/new_user.html.erb within layouts/application (0.5ms)
Completed 200 OK in 28ms (Views: 25.6ms | ActiveRecord: 0.0ms)


